<?xml version="1.0" encoding="UTF-8"?>
<testsuite name="ShipTests" tests="1" skipped="0" failures="0" errors="0" timestamp="2019-06-14T00:01:08" hostname="Anachim" time="0.0">
  <properties/>
  <testcase name="TestRoute" classname="ShipTests" time="0.0"/>
  <system-out><![CDATA[]]></system-out>
  <system-err><![CDATA[]]></system-err>
</testsuite>
